<?xml version="1.0" encoding="UTF-8"?>
<!-- Generated by org.testng.reporters.JUnitReportReporter -->
<testsuite hostname="DESKTOP-PGIJ00E" failures="0" tests="1" name="testCases.TC001_LoginTest" time="2.372" errors="0" timestamp="2024-01-04T17:57:10 MST" skipped="0">
  <testcase classname="testCases.TC001_LoginTest" name="loginTest" time="2.372"/>
</testsuite> <!-- testCases.TC001_LoginTest -->
